2021-03-22 13:47:34 - MOD: Modification Default

FILE: system/engine/action.php
REGEX: ~(require|include)(_once)?\(([^)]+)~
LINE: 69

FILE: system/engine/loader.php
REGEX: ~(require|include)(_once)?\(([^)]+)~
LINE: 77
LINE: 151
LINE: 168

FILE: system/library/config.php
REGEX: ~(require|include)(_once)?\(([^)]+)~
LINE: 59

FILE: system/library/language.php
REGEX: ~(require|include)(_once)?\(([^)]+)~
LINE: 67
LINE: 73

FILE: system/library/template/template.php
REGEX: ~(require|include)(_once)?\(([^)]+)~
LINE: 18

FILE: system/library/template/twig.php
CODE: if (is_file($file)) {
LINE: 13
----------------------------------------------------------------
MOD: <font color="#263238"><b>Materialize Theme</b></font>

FILE: admin/controller/user/user_permission.php
CODE: $data['permissions'] = array();
LINE: 320

FILE: catalog/controller/common/header.php
CODE: public function index() {
LINE: 25
CODE: public function index() {
LINE: 29

FILE: catalog/controller/product/category.php
CODE: if ($category_info) {
LINE: 89
LINE: 113

FILE: catalog/controller/product/manufacturer.php
CODE: if ($manufacturer_info) {
LINE: 108

FILE: catalog/controller/product/product.php
CODE: if ($product_info) {
LINE: 165
CODE: $this->load->model('tool/image');
LINE: 266
CODE: $data['price'] = $this->currency->format($this->tax->calculate($product_info['price'], $product_info['tax_class_id'], $this->config->get('config_tax')), $this->session->data['currency']);
LINE: 293
CODE: $data['special'] = $this->currency->format($this->tax->calculate($product_info['special'], $product_info['tax_class_id'], $this->config->get('config_tax')), $this->session->data['currency']);
LINE: 300

FILE: system/library/document.php
CODE: class Document {
LINE: 18
CODE: private $scripts = array();
LINE: 58

FILE: catalog/controller/common/home.php
CODE: public function index() {
LINE: 11
CODE: if ($product_info['image']) {
LINE: 269
CODE: if ($this->customer->isLogged() || !$this->config->get('config_customer_price')) {
LINE: 337

FILE: catalog/controller/common/cart.php
CODE: $data['products'][] = array(
LINE: 97

FILE: catalog/controller/account/download.php
CODE: new Pagination();
LINE: 77

FILE: catalog/controller/account/order.php
CODE: new Pagination();
LINE: 65

FILE: catalog/controller/account/recurring.php
CODE: new Pagination();
LINE: 66

FILE: catalog/controller/account/return.php
CODE: new Pagination();
LINE: 63

FILE: catalog/controller/account/reward.php
CODE: new Pagination();
LINE: 61

FILE: catalog/controller/account/transaction.php
CODE: new Pagination();
LINE: 61
CODE: new Pagination();
LINE: 347
CODE: new Pagination();
LINE: 303
CODE: new Pagination();
LINE: 614

FILE: catalog/controller/product/search.php
CODE: new Pagination();
LINE: 399

FILE: catalog/controller/product/special.php
CODE: new Pagination();
LINE: 231

FILE: admin/controller/common/column_left.php
CODE: public function index() {
LINE: 3
CODE: $marketplace = array();
LINE: 133
CODE: $marketplace = array();
LINE: 144
CODE: $marketplace = array();
LINE: 142
CODE: $marketplace = array();
LINE: 151
CODE: $marketplace = array();
LINE: 160
CODE: $marketplace = array();
LINE: 169
CODE: $marketplace = array();
LINE: 178
CODE: $marketplace = array();
LINE: 213
CODE: $marketplace = array();
LINE: 264

FILE: catalog/controller/information/contact.php
CODE: $this->load->model('tool/image');
LINE: 106

FILE: admin/controller/catalog/product.php
CODE: $this->load->model('setting/store');
LINE: 687

FILE: admin/model/catalog/product.php
CODE: $product_id = $this->db->getLastId();
LINE: 14
CODE: public function editProduct($product_id, $data) {
LINE: 161
CODE: $this->addProduct($data);
LINE: 356
CODE: public function deleteProduct($product_id) {
LINE: 365
CODE: class ModelCatalogProduct extends Model {
LINE: 20

FILE: admin/view/template/catalog/product_form.twig
CODE: <div class="tab-pane" id="tab-links">
LINE: 398
CODE: $data['products'][] = array(
LINE: 234
CODE: $data['products'][] = array(
LINE: 235
CODE: $data['products'][] = array(
LINE: 202
CODE: $data['products'][] = array(
LINE: 203
CODE: $data['products'][] = array(
LINE: 491
CODE: $data['products'][] = array(
LINE: 492
CODE: $data['products'][] = array(
LINE: 238
CODE: $data['products'][] = array(
LINE: 239
CODE: $data['products'][] = array(
LINE: 130
CODE: $data['products'][] = array(
LINE: 131
CODE: if ($product_info) {
LINE: 175

FILE: catalog/controller/extension/module/featured.php
CODE: $data['products'][] = array(
LINE: 69
CODE: $data['products'][] = array(
LINE: 70

FILE: catalog/controller/extension/module/bestseller.php
CODE: $data['products'][] = array(
LINE: 62
CODE: $data['products'][] = array(
LINE: 63

FILE: catalog/controller/extension/module/latest.php
CODE: $data['products'][] = array(
LINE: 62
CODE: $data['products'][] = array(
LINE: 63

FILE: catalog/controller/extension/module/special.php
CODE: $data['products'][] = array(
LINE: 69
CODE: $data['products'][] = array(
LINE: 70

FILE: catalog/model/catalog/product.php
CODE: class ModelCatalogProduct extends Model {
LINE: 8
CODE: protected function getForm() {
LINE: 518
CODE: class ModelCatalogProduct extends Model {
LINE: 14
CODE: $product_id = $this->db->getLastId();
LINE: 42
CODE: public function editProduct($product_id, $data) {
LINE: 196
CODE: public function deleteProduct($product_id) {
LINE: 411
CODE: <div class="tab-pane" id="tab-links">
LINE: 392
CODE: {{ footer }}
LINE: 1698
CODE: if ($product_info) {
LINE: 167
CODE: public function index() {
LINE: 14
CODE: public function index() {
LINE: 21
CODE: public function index() {
LINE: 10

FILE: catalog/controller/common/currency.php
CODE: public function index() {
LINE: 7

FILE: catalog/controller/common/menu.php
CODE: public function index() {
LINE: 7

FILE: catalog/controller/common/search.php
CODE: public function index() {
LINE: 7

FILE: catalog/controller/common/footer.php
CODE: public function index() {
LINE: 52
CODE: $this->load->model('tool/image');
LINE: 384

FILE: catalog/controller/product/compare.php
CODE: if ($product_info['quantity'] <= 0) {
LINE: 82
CODE: $data['products'][$product_id] = array(
LINE: 101
CODE: if ($product_info['quantity'] <= 0) {
LINE: 278
CODE: $data['products'][] = array(
LINE: 241
CODE: $data['products'][] = array(
LINE: 242
CODE: $data['products'][] = array(
LINE: 209
CODE: $data['products'][] = array(
LINE: 210
CODE: $data['products'][] = array(
LINE: 632
CODE: $data['products'][] = array(
LINE: 633
CODE: $data['products'][] = array(
LINE: 245
CODE: $data['products'][] = array(
LINE: 246
CODE: $data['products'][] = array(
LINE: 137
CODE: $data['products'][] = array(
LINE: 138
CODE: $data['products'][] = array(
LINE: 69
CODE: $data['products'][] = array(
LINE: 70
CODE: $data['products'][] = array(
LINE: 69
CODE: $data['products'][] = array(
LINE: 70
CODE: $data['products'][] = array(
LINE: 76
CODE: $data['products'][] = array(
LINE: 77
CODE: if ($product_info) {
LINE: 28
CODE: $data['products'][] = array(
LINE: 77
CODE: $this->load->model('catalog/category');
LINE: 15
CODE: if ($product_info) {
LINE: 172

FILE: catalog/model/account/wishlist.php
CODE: class ModelAccountWishlist extends Model {
LINE: 8

FILE: catalog/model/tool/image.php
CODE: public function resize($filename, $width, $height) {
LINE: 50

FILE: system/library/image.php
CODE: public function watermark($watermark, $position = 'bottomright') {
LINE: 253
CODE: public function resize($filename, $width, $height) {
LINE: 50
CODE: $image_new = 'cache/' . utf8_substr($filename, 0, utf8_strrpos($filename, '.')) . '-' . (int)$width . 'x' . (int)$height . '.' . $extension;
LINE: 58
CODE: $image->resize($width, $height);
LINE: 81
CODE: } elseif ($default == 'h') {
LINE: 164
CODE: private function html2rgb($color) {
LINE: 399

FILE: catalog/controller/startup/seo_url.php
CODE: if ($url[0] == 'category_id') {
LINE: 44
CODE: if ($query->row['query'] && $url[0] != 'information_id' && $url[0] != 'manufacturer_id' && $url[0] != 'category_id' && $url[0] != 'product_id') {
LINE: 60
CODE: } elseif (isset($this->request->get['path'])) {
LINE: 81
CODE: if (($data['route'] == 'product/product' && $key == 'product_id') || (($data['route'] == 'product/manufacturer/info' || $data['route'] == 'product/product') && $key == 'manufacturer_id') || ($data['route'] == 'information/information' && $key == 'information_id')) {
LINE: 103
CODE: } elseif ($key == 'path') {
LINE: 129

FILE: catalog/controller/information/sitemap.php
CODE: public function index() {
LINE: 46

FILE: catalog/controller/extension/feed/google_sitemap.php
CODE: $this->load->model('tool/image');
LINE: 53
CODE: protected function getCategories($parent_id, $current_path = '') {
LINE: 153
CODE: public function index() {
LINE: 9
CODE: $sql .= " AND pf.filter_id IN (" . implode(',', $implode) . ")";
LINE: 112
LINE: 479
CODE: $sql .= " AND p.manufacturer_id = '" . (int)$data['filter_manufacturer_id'] . "'";
LINE: 177
LINE: 552
CODE: public function getRecurringDescription() {
LINE: 904
CODE: public function getTotalProductSpecials() {
LINE: 609
CODE: public function index() {
LINE: 38
CODE: public function index() {
LINE: 39
CODE: class ModelCatalogProduct extends Model {
LINE: 28

FILE: catalog/controller/account/tracking.php
CODE: $this->load->model('catalog/product');
LINE: 65
CODE: $json[] = array(
LINE: 85
CODE: 'name' => strip_tags(html_entity_decode($result['name'], ENT_QUOTES, 'UTF-8')),
LINE: 87
CODE: $data['categories'][] = array(
LINE: 40

FILE: admin/model/sale/order.php
CODE: return $query->row['total'];
LINE: 307

FILE: admin/controller/sale/order.php
CODE: $store_fax = $store_info['config_fax'];
LINE: 1502
CODE: => $order_info['store_name'],
LINE: 1651
LINE: 1828
CODE: $option_data = array();
LINE: 913
LINE: 1593
LINE: 1776
CODE: $product_data[] = array(
LINE: 1617
LINE: 1811
CODE: $product_data[] = array(
LINE: 1621
LINE: 1819

FILE: admin/view/template/sale/order_shipping.twig
CODE: <div style="page-break-after: always;">
LINE: 16
CODE: <td><b>{{ column_product }}</b></td>
LINE: 64
CODE: <td>{{ product.name }}
LINE: 93

FILE: admin/view/template/sale/order_invoice.twig
CODE: <div style="page-break-after: always;">
LINE: 16
CODE: <td><b>{{ column_product }}</b></td>
LINE: 69
CODE: <td>{{ product.name }}
LINE: 80
CODE: colspan="4"
LINE: 102
CODE: public function addLink($href, $rel) {
LINE: 122
CODE: 'rel'  => $rel
LINE: 125
CODE: $this->document->addLink($server . 'image/' . $this->config->get('config_icon'), 'icon');
LINE: 111
CODE: $data['categories'][] = array(
LINE: 165
CODE: public function index() {
LINE: 6
CODE: $data['points'] = $product_info['points'];
LINE: 281
CODE: $data['rating'] = (int)$product_info['rating'];
LINE: 574
CODE: $data['comment'] = $this->config->get('config_comment');
LINE: 122
CODE: $data['logo'] = $server . 'image/' . $this->config->get('config_logo');
LINE: 165
CODE: public function index() {
LINE: 3
CODE: public function index() {
LINE: 3
CODE: public function index() {
LINE: 39

FILE: catalog/controller/checkout/cart.php
CODE: public function index() {
LINE: 3
CODE: public function index() {
LINE: 3
CODE: public function index() {
LINE: 3
CODE: public function index() {
LINE: 3
CODE: public function index() {
LINE: 5
CODE: public function index() {
LINE: 3
CODE: public function index() {
LINE: 3
CODE: public function info() {
LINE: 56
CODE: public function review() {
LINE: 762
CODE: public function index($setting) {
LINE: 3

FILE: catalog/controller/extension/module/carousel.php
CODE: public function index($setting) {
LINE: 3

FILE: catalog/controller/extension/module/banner.php
CODE: public function index($setting) {
LINE: 3
CODE: public function index($setting) {
LINE: 3
CODE: public function index($setting) {
LINE: 3
CODE: public function index($setting) {
LINE: 3
CODE: public function index() {
LINE: 5
CODE: $this->document->setDescription($product_info['meta_description']);
LINE: 257
CODE: class ModelCatalogProduct extends Model {
LINE: 11
CODE: if ($product_info) {
LINE: 166
CODE: public function index() {
LINE: 6
CODE: $sql .= " ORDER BY LCASE(" . $data['sort'] . ")";
LINE: 231
LINE: 283
CODE: $sql .= " ORDER BY (CASE WHEN special IS NOT NULL THEN special WHEN discount IS NOT NULL THEN discount ELSE p.price END)";
LINE: 233
CODE: $sql .= " ORDER BY " . $data['sort'];
LINE: 235
LINE: 285
CODE: $sql .= " ORDER BY p.sort_order";
LINE: 238
LINE: 288
CODE: $data['breadcrumbs'] = array();
LINE: 49
CODE: $filter,
LINE: 193
CODE: $data['limit'] = $limit;
LINE: 420
CODE: if (!empty($data['filter_name']) || !empty($data['filter_tag'])) {
LINE: 158
LINE: 538
CODE: public function save($file, $quality = 90) {
NOT FOUND - OPERATIONS ABORTED!

FILE: system/library/cart/weight.php
CODE: public function format($value, $weight_class_id, $decimal_point = '.', $thousand_point = ',') {
LINE: 41
CODE: return number_format($value, 2, $decimal_point, $thousand_point) . $this->weights[$weight_class_id]['unit'];
LINE: 43
CODE: return number_format($value, 2, $decimal_point, $thousand_point);
LINE: 45
CODE: 'name'  => $child['name'] . ($this->config->get('config_product_count') ? ' (' . $this->model_catalog_product->getTotalProducts($filter_data) . ')' : ''),
LINE: 33

FILE: catalog/controller/extension/module/category.php
CODE: 'name' => $child['name'] . ($this->config->get('config_product_count') ? ' (' . $this->model_catalog_product->getTotalProducts($filter_data) . ')' : ''),
LINE: 42
CODE: 'name'        => $category['name'] . ($this->config->get('config_product_count') ? ' (' . $this->model_catalog_product->getTotalProducts($filter_data) . ')' : ''),
LINE: 57
CODE: $this->db->query("DELETE FROM " . DB_PREFIX . "product_related WHERE product_id = '" . (int)$related_id . "' AND related_id = '" . (int)$product_id . "'");
LINE: 151
LINE: 331
CODE: $this->db->query("INSERT INTO " . DB_PREFIX . "product_related SET product_id = '" . (int)$related_id . "', related_id = '" . (int)$product_id . "'");
LINE: 152
LINE: 332
CODE: $this->db->query("DELETE FROM " . DB_PREFIX . "product_related WHERE related_id = '" . (int)$product_id . "'");
LINE: 325
LINE: 426
CODE: $special = $this->currency->format($this->tax->calculate($result['special'], $result['tax_class_id'], $this->config->get('config_tax')), $this->session->data['currency']);
LINE: 219
CODE: $special = false;
LINE: 223
CODE: 'special'     => $special,
LINE: 270
CODE: $special = $this->currency->format($this->tax->calculate($result['special'], $result['tax_class_id'], $this->config->get('config_tax')), $this->session->data['currency']);
LINE: 171
CODE: $special = false;
LINE: 175
CODE: 'special'     => $special,
LINE: 222
CODE: $special = $this->currency->format($this->tax->calculate($result['special'], $result['tax_class_id'], $this->config->get('config_tax')), $this->session->data['currency']);
LINE: 625
CODE: $special = false;
LINE: 629
CODE: 'special'     => $special,
LINE: 676
CODE: $special = $this->currency->format($this->tax->calculate($result['special'], $result['tax_class_id'], $this->config->get('config_tax')), $this->session->data['currency']);
LINE: 206
CODE: $special = false;
LINE: 210
CODE: 'special'     => $special,
LINE: 257
CODE: $special = $this->currency->format($this->tax->calculate($result['special'], $result['tax_class_id'], $this->config->get('config_tax')), $this->session->data['currency']);
LINE: 98
CODE: $special = false;
LINE: 102
CODE: 'special'     => $special,
LINE: 149
CODE: $data['special'] = $this->currency->format($this->tax->calculate($product_info['special'], $product_info['tax_class_id'], $this->config->get('config_tax')), $this->session->data['currency']);
LINE: 512
CODE: $data['special'] = false;
LINE: 517
CODE: $special = $this->currency->format($this->tax->calculate($result['special'], $result['tax_class_id'], $this->config->get('config_tax')), $this->session->data['currency']);
LINE: 30
CODE: $special = false;
LINE: 34
CODE: 'special'     => $special,
LINE: 81
CODE: $special = $this->currency->format($this->tax->calculate($result['special'], $result['tax_class_id'], $this->config->get('config_tax')), $this->session->data['currency']);
LINE: 30
CODE: $special = false;
LINE: 34
CODE: 'special'     => $special,
LINE: 81
CODE: $special = $this->currency->format($this->tax->calculate($result['special'], $result['tax_class_id'], $this->config->get('config_tax')), $this->session->data['currency']);
LINE: 37
CODE: $special = false;
LINE: 41
CODE: 'special'     => $special,
LINE: 88
CODE: $special = $this->currency->format($this->tax->calculate($product_info['special'], $product_info['tax_class_id'], $this->config->get('config_tax')), $this->session->data['currency']);
LINE: 44
CODE: $special = false;
LINE: 48
CODE: $data['products'][] = array(
LINE: 80
CODE: $this->load->model('tool/image');
LINE: 327
CODE: 'href' => $this->url->link('product/manufacturer/info', 'manufacturer_id=' . $result['manufacturer_id'])
LINE: 42
CODE: 'stock_status'     => $query->row['stock_status'],
LINE: 74
CODE: $data['points'] = $product_info['points'];
LINE: 302
CODE: $data['stock'] = $product_info['quantity'];
LINE: 320
CODE: $data['stock'] = $this->language->get('text_instock');
LINE: 326
CODE: $data['stock'] = $product_info['stock_status'];
LINE: 332
CODE: protected function getForm() {
LINE: 505
CODE: $product_id = $this->db->getLastId();
LINE: 52
CODE: public function editProduct($product_id, $data) {
LINE: 220
CODE: class ModelCatalogProduct extends Model {
LINE: 27
CODE: <li><a href="#tab-design" data-toggle="tab">{{ tab_design }}</a></li>
LINE: 43
CODE: <div class="tab-pane" id="tab-design">
LINE: 1192
CODE: {{ footer }}
LINE: 1848
CODE: if ($product_info) {
LINE: 178
CODE: class ModelCatalogProduct extends Model {
LINE: 8
CODE: protected function getForm() {
LINE: 505
CODE: $product_id = $this->db->getLastId();
LINE: 78
CODE: public function editProduct($product_id, $data) {
LINE: 261
CODE: class ModelCatalogProduct extends Model {
LINE: 28
CODE: <li><a href="#tab-design" data-toggle="tab">{{ tab_design }}</a></li>
LINE: 43
CODE: <div class="tab-pane" id="tab-design">
LINE: 1266
CODE: {{ footer }}
LINE: 2002
CODE: if ($product_info) {
LINE: 178
CODE: class ModelCatalogProduct extends Model {
LINE: 8
CODE: public function autocomplete()
LINE: 1349
CODE: $data['action']
LINE: 629
CODE: $data['action']
LINE: 632
CODE: $data['footer'] = $this->load->controller('common/footer');
LINE: 493
LINE: 1272
CODE: <div class="panel panel-default">
LINE: 27
CODE: <form action="{{ action }}" method="post" enctype="multipart/form-data" id="form-product" class="form-horizontal">
LINE: 32
CODE: <ul class="nav nav-tabs">
LINE: 33
CODE: <div class="pull-right">
LINE: 5
CODE: {{ footer }}
LINE: 2042

FILE: admin/controller/catalog/category.php
CODE: public function autocomplete()
LINE: 608
CODE: $data['action']
LINE: 342
CODE: $data['action']
LINE: 345
CODE: $data['footer'] = $this->load->controller('common/footer');
LINE: 284
LINE: 523

FILE: admin/view/template/catalog/category_form.twig
CODE: <div class="panel panel-default">
LINE: 28
CODE: <form action="{{ action }}" method="post" enctype="multipart/form-data" id="form-category" class="form-horizontal">
LINE: 33
CODE: <ul class="nav nav-tabs">
LINE: 34
CODE: <div class="pull-right">
LINE: 5
CODE: {{ footer }
LINE: 348
CODE: $data['name'] = $this->config->get('config_name');
LINE: 164
CODE: $data['text_items'] = sprintf($this->language->get('text_items'), $this->cart->countProducts() + (isset($this->session->data['vouchers']) ? count($this->session->data['vouchers']) : 0), $this->currency->format($total, $this->session->data['currency']));
LINE: 58
CODE: $json['total'] = sprintf($this->language->get('text_items'), $this->cart->countProducts() + (isset($this->session->data['vouchers']) ? count($this->session->data['vouchers']) : 0), $this->currency->format($total, $this->session->data['currency']));
LINE: 373
LINE: 472
CODE: $json['total'] = sprintf($this->language->get('text_compare'), (isset($this->session->data['compare']) ? count($this->session->data['compare']) : 0));
LINE: 178
CODE: public function index() {
LINE: 5
CODE: public function index() {
LINE: 5
CODE: public function index() {
LINE: 3
CODE: public function index() {
LINE: 3
CODE: public function index() {
LINE: 3
CODE: public function index() {
LINE: 5
CODE: public function index() {
LINE: 5

FILE: catalog/controller/checkout/checkout.php
CODE: public function index() {
LINE: 3

FILE: catalog/controller/checkout/guest.php
CODE: public function index() {
LINE: 3

FILE: catalog/controller/checkout/guest_shipping.php
CODE: public function index() {
LINE: 3

FILE: catalog/controller/checkout/register.php
CODE: public function index() {
LINE: 3

FILE: catalog/controller/checkout/login.php
CODE: public function index() {
LINE: 3

FILE: catalog/controller/checkout/payment_address.php
CODE: public function index() {
LINE: 3

FILE: catalog/controller/checkout/shipping_address.php
CODE: public function index() {
LINE: 3

FILE: catalog/controller/affiliate/register.php
CODE: public function index() {
LINE: 5

FILE: catalog/controller/affiliate/login.php
CODE: public function index() {
LINE: 5

FILE: catalog/controller/account/register.php
CODE: public function index() {
LINE: 5

FILE: catalog/controller/account/login.php
CODE: public function index() {
LINE: 5

FILE: catalog/controller/account/edit.php
CODE: public function index() {
LINE: 5

FILE: catalog/controller/account/address.php
CODE: protected function getForm() {
LINE: 221

FILE: catalog/controller/account/affiliate.php
CODE: public function getForm() {
LINE: 53
CODE: public function index() {
LINE: 6
CODE: public function index() {
LINE: 6
CODE: public function index() {
LINE: 8
CODE: public function index() {
LINE: 6
CODE: public function index() {
LINE: 6
CODE: public function info() {
LINE: 63
CODE: public function index($setting) {
LINE: 3
CODE: public function index($setting) {
LINE: 3
CODE: public function index($setting) {
LINE: 3
CODE: public function index($setting) {
LINE: 3

FILE: catalog/language/en-gb/en-gb.php
CODE: <i class="fa fa-home"></i>
LINE: 12

FILE: catalog/language/en-gb/common/footer.php
CODE: <a target="_blank" href="
NOT FOUND - OPERATION SKIPPED!
----------------------------------------------------------------
